#
# An unexpected error has occurred (11)
#
Stack:
/lib/x86_64-linux-gnu/libc.so.6(+0x37970) [0x7f577534b970]
/tools/Xilinx/Vivado/2023.2/lib/lnx64.o/librdi_synth.so(NNetC::realModule() const+0) [0x7f5736845250]
/tools/Xilinx/Vivado/2023.2/lib/lnx64.o/librdi_synth.so(NNetC::userName()+0x9) [0x7f57368452b9]
/tools/Xilinx/Vivado/2023.2/lib/lnx64.o/librdi_synth.so(HARTFOpt::ProcessKeepInst(UString, NInst, NRealMod, UList<NInstC*, UListNode<NInstC*>, NInstC*, UEValue<NInstC*, UListNode<NInstC*> > >&, NCell, UHashMapList<NInstC*, UList<NPinC*, UListNode<NPinC*>, NPinC*, UEValue<NPinC*, UListNode<NPinC*> > >*, NInstC*, UEKey<NInstC*> >&)+0x845) [0x7f5735a5f5b5]
/tools/Xilinx/Vivado/2023.2/lib/lnx64.o/librdi_synth.so(HARTFOpt::ProcessOneKeepGroup(UString, UHashList<NInstC*, NInstC*, UEKey<NInstC*>, UHashListNode<NInstC*>, NInstC*>*, NCell)+0xef) [0x7f5735a607cf]
/tools/Xilinx/Vivado/2023.2/lib/lnx64.o/librdi_synth.so(HARTFOpt::ProcessKeepGroups(UHashMapList<UString, UHashList<NInstC*, NInstC*, UEKey<NInstC*>, UHashListNode<NInstC*>, NInstC*>*, UString, UEKey<UString> >&, NCell&)+0x94) [0x7f5735a60a64]
/tools/Xilinx/Vivado/2023.2/lib/lnx64.o/librdi_synth.so(HARTFOpt::newBypassKeep()+0x1af) [0x7f5735a60c5f]
/tools/Xilinx/Vivado/2023.2/lib/lnx64.o/librdi_synth.so(HARTFOpt::fanoutOpt(bool, bool, bool)+0x60f) [0x7f5735a64f3f]
/tools/Xilinx/Vivado/2023.2/lib/lnx64.o/librdi_synth.so(HARTNlCleanup::cleanup(char const*, bool)+0x2ed7) [0x7f5735a182b7]
/tools/Xilinx/Vivado/2023.2/lib/lnx64.o/librdi_synth.so(HARTNDb::cleanupNetlistBottomUp(NRealMod, UHashSet<UString, UString, UEKey<UString>, UHashSetNode<UString>, UString, UEValue<UString, UHashSetNode<UString> > >&, char const*, UString, TTime)+0x246) [0x7f57352a9156]
/tools/Xilinx/Vivado/2023.2/lib/lnx64.o/librdi_synth.so(HARTNDb::cleanupNetlist(char const*)+0x2ff) [0x7f57352aa45f]
/tools/Xilinx/Vivado/2023.2/lib/lnx64.o/librdi_synth.so(+0x13ca325) [0x7f5735435325]
/tools/Xilinx/Vivado/2023.2/lib/lnx64.o/librdi_synth.so(+0x1321b35) [0x7f573538cb35]
/tools/Xilinx/Vivado/2023.2/lib/lnx64.o/libtcl8.5.so(+0x3356f) [0x7f57714c556f]
/tools/Xilinx/Vivado/2023.2/lib/lnx64.o/libtcl8.5.so(+0x34bf8) [0x7f57714c6bf8]
/tools/Xilinx/Vivado/2023.2/lib/lnx64.o/libtcl8.5.so(Tcl_EvalEx+0x13) [0x7f57714c7163]
/tools/Xilinx/Vivado/2023.2/lib/lnx64.o/libtcl8.5.so(TclEvalObjEx+0x1e0) [0x7f57714c7380]
/tools/Xilinx/Vivado/2023.2/lib/lnx64.o/libtcl8.5.so(+0x3b445) [0x7f57714cd445]
/tools/Xilinx/Vivado/2023.2/lib/lnx64.o/libtcl8.5.so(+0x3356f) [0x7f57714c556f]
/tools/Xilinx/Vivado/2023.2/lib/lnx64.o/libtcl8.5.so(+0x76945) [0x7f5771508945]
/tools/Xilinx/Vivado/2023.2/lib/lnx64.o/libtcl8.5.so(+0x7e0f9) [0x7f57715100f9]
/tools/Xilinx/Vivado/2023.2/lib/lnx64.o/libtcl8.5.so(TclEvalObjEx+0x76) [0x7f57714c7216]
/tools/Xilinx/Vivado/2023.2/lib/lnx64.o/librdi_commontasks.so(+0x261fb1) [0x7f575db91fb1]
/tools/Xilinx/Vivado/2023.2/lib/lnx64.o/libtcl8.5.so(+0x3356f) [0x7f57714c556f]
/tools/Xilinx/Vivado/2023.2/lib/lnx64.o/libtcl8.5.so(+0x76945) [0x7f5771508945]
/tools/Xilinx/Vivado/2023.2/lib/lnx64.o/libtcl8.5.so(TclObjInterpProcCore+0x420) [0x7f5771549ed0]
/tools/Xilinx/Vivado/2023.2/lib/lnx64.o/libtcl8.5.so(+0x3356f) [0x7f57714c556f]
/tools/Xilinx/Vivado/2023.2/lib/lnx64.o/libtcl8.5.so(+0x76945) [0x7f5771508945]
/tools/Xilinx/Vivado/2023.2/lib/lnx64.o/libtcl8.5.so(TclObjInterpProcCore+0x420) [0x7f5771549ed0]
/tools/Xilinx/Vivado/2023.2/lib/lnx64.o/libtcl8.5.so(+0x3356f) [0x7f57714c556f]
/tools/Xilinx/Vivado/2023.2/lib/lnx64.o/libtcl8.5.so(+0x76945) [0x7f5771508945]
/tools/Xilinx/Vivado/2023.2/lib/lnx64.o/libtcl8.5.so(+0x7e0f9) [0x7f57715100f9]
/tools/Xilinx/Vivado/2023.2/lib/lnx64.o/libtcl8.5.so(TclEvalObjEx+0x76) [0x7f57714c7216]
/tools/Xilinx/Vivado/2023.2/lib/lnx64.o/librdi_commontasks.so(+0x261fb1) [0x7f575db91fb1]
/tools/Xilinx/Vivado/2023.2/lib/lnx64.o/libtcl8.5.so(+0x3356f) [0x7f57714c556f]
/tools/Xilinx/Vivado/2023.2/lib/lnx64.o/libtcl8.5.so(+0x76945) [0x7f5771508945]
/tools/Xilinx/Vivado/2023.2/lib/lnx64.o/libtcl8.5.so(Tcl_ExprObj+0xf8) [0x7f577150fcd8]
/tools/Xilinx/Vivado/2023.2/lib/lnx64.o/libtcl8.5.so(Tcl_ExprBooleanObj+0x16) [0x7f57714c5f56]
/tools/Xilinx/Vivado/2023.2/lib/lnx64.o/libtcl8.5.so(+0x3e7ae) [0x7f57714d07ae]
/tools/Xilinx/Vivado/2023.2/lib/lnx64.o/libtcl8.5.so(+0x3356f) [0x7f57714c556f]
/tools/Xilinx/Vivado/2023.2/lib/lnx64.o/libtcl8.5.so(+0x34bf8) [0x7f57714c6bf8]
/tools/Xilinx/Vivado/2023.2/lib/lnx64.o/libtcl8.5.so(Tcl_EvalEx+0x13) [0x7f57714c7163]
/tools/Xilinx/Vivado/2023.2/lib/lnx64.o/libtcl8.5.so(Tcl_FSEvalFileEx+0x1da) [0x7f577152bd2a]
/tools/Xilinx/Vivado/2023.2/lib/lnx64.o/librdi_commontasks.so(+0x27e220) [0x7f575dbae220]
/tools/Xilinx/Vivado/2023.2/lib/lnx64.o/librdi_common.so(+0xd7d9bf) [0x7f57768089bf]
/tools/Xilinx/Vivado/2023.2/lib/lnx64.o/libtcl8.5.so(+0x3356f) [0x7f57714c556f]
/tools/Xilinx/Vivado/2023.2/lib/lnx64.o/libtcl8.5.so(+0x76945) [0x7f5771508945]
/tools/Xilinx/Vivado/2023.2/lib/lnx64.o/libtcl8.5.so(+0x7e0f9) [0x7f57715100f9]
/tools/Xilinx/Vivado/2023.2/lib/lnx64.o/libtcl8.5.so(TclEvalObjEx+0x76) [0x7f57714c7216]
/tools/Xilinx/Vivado/2023.2/lib/lnx64.o/libtcl8.5.so(+0xb7637) [0x7f5771549637]
/tools/Xilinx/Vivado/2023.2/lib/lnx64.o/libtcl8.5.so(+0x3356f) [0x7f57714c556f]
/tools/Xilinx/Vivado/2023.2/lib/lnx64.o/libtcl8.5.so(+0x76945) [0x7f5771508945]
/tools/Xilinx/Vivado/2023.2/lib/lnx64.o/libtcl8.5.so(+0x7e0f9) [0x7f57715100f9]
/tools/Xilinx/Vivado/2023.2/lib/lnx64.o/libtcl8.5.so(TclEvalObjEx+0x76) [0x7f57714c7216]
/tools/Xilinx/Vivado/2023.2/lib/lnx64.o/librdi_commontasks.so(+0x261f0e) [0x7f575db91f0e]
/tools/Xilinx/Vivado/2023.2/lib/lnx64.o/libtcl8.5.so(+0x3356f) [0x7f57714c556f]
/tools/Xilinx/Vivado/2023.2/lib/lnx64.o/libtcl8.5.so(+0x34bf8) [0x7f57714c6bf8]
/tools/Xilinx/Vivado/2023.2/lib/lnx64.o/libtcl8.5.so(+0xad566) [0x7f577153f566]
/tools/Xilinx/Vivado/2023.2/lib/lnx64.o/libtcl8.5.so(+0x34785) [0x7f57714c6785]
/tools/Xilinx/Vivado/2023.2/lib/lnx64.o/libtcl8.5.so(Tcl_EvalEx+0x13) [0x7f57714c7163]
/tools/Xilinx/Vivado/2023.2/lib/lnx64.o/libtcl8.5.so(Tcl_FSEvalFileEx+0x1da) [0x7f577152bd2a]
/tools/Xilinx/Vivado/2023.2/lib/lnx64.o/librdi_commontasks.so(+0x27e220) [0x7f575dbae220]
/tools/Xilinx/Vivado/2023.2/lib/lnx64.o/librdi_common.so(+0xd7d9bf) [0x7f57768089bf]
/tools/Xilinx/Vivado/2023.2/lib/lnx64.o/libtcl8.5.so(+0x3356f) [0x7f57714c556f]
/tools/Xilinx/Vivado/2023.2/lib/lnx64.o/libtcl8.5.so(Tcl_EvalObjv+0x32) [0x7f57714c56a2]
/tools/Xilinx/Vivado/2023.2/lib/lnx64.o/libtcl8.5.so(TclEvalObjEx+0x322) [0x7f57714c74c2]
/tools/Xilinx/Vivado/2023.2/lib/lnx64.o/librdi_common.so(hdi::tcltasks::task_manager::eval_in_tcl(Tcl_Interp*, Tcl_Obj*, char const*, bool)+0x74d) [0x7f5776806e1d]
/tools/Xilinx/Vivado/2023.2/lib/lnx64.o/librdi_designutils.so(HRTInvoker::inProcessLaunch(HDGUIStatus&)+0x310) [0x7f5753a34380]
/tools/Xilinx/Vivado/2023.2/lib/lnx64.o/librdi_designutils.so(HRTInvoker::launch(HDGUIStatus&)+0x33) [0x7f5753a34933]
/tools/Xilinx/Vivado/2023.2/lib/lnx64.o/librdi_vivadotasks.so(+0x70211c) [0x7f572ebe011c]
/tools/Xilinx/Vivado/2023.2/lib/lnx64.o/librdi_vivadotasks.so(+0x70b832) [0x7f572ebe9832]
/tools/Xilinx/Vivado/2023.2/lib/lnx64.o/librdi_common.so(+0xd7d9bf) [0x7f57768089bf]
/tools/Xilinx/Vivado/2023.2/lib/lnx64.o/libtcl8.5.so(+0x3356f) [0x7f57714c556f]
/tools/Xilinx/Vivado/2023.2/lib/lnx64.o/libtcl8.5.so(+0x34bf8) [0x7f57714c6bf8]
/tools/Xilinx/Vivado/2023.2/lib/lnx64.o/libtcl8.5.so(Tcl_EvalEx+0x13) [0x7f57714c7163]
/tools/Xilinx/Vivado/2023.2/lib/lnx64.o/libtcl8.5.so(Tcl_FSEvalFileEx+0x1da) [0x7f577152bd2a]
/tools/Xilinx/Vivado/2023.2/lib/lnx64.o/librdi_commontasks.so(+0x27e220) [0x7f575dbae220]
/tools/Xilinx/Vivado/2023.2/lib/lnx64.o/librdi_common.so(+0xd7d9bf) [0x7f57768089bf]
/tools/Xilinx/Vivado/2023.2/lib/lnx64.o/libtcl8.5.so(+0x3356f) [0x7f57714c556f]
/tools/Xilinx/Vivado/2023.2/lib/lnx64.o/libtcl8.5.so(Tcl_EvalObjv+0x32) [0x7f57714c56a2]
/tools/Xilinx/Vivado/2023.2/lib/lnx64.o/libtcl8.5.so(TclEvalObjEx+0x322) [0x7f57714c74c2]
/tools/Xilinx/Vivado/2023.2/lib/lnx64.o/librdi_commontasks.so(+0x2c5b6d) [0x7f575dbf5b6d]
/tools/Xilinx/Vivado/2023.2/lib/lnx64.o/librdi_commontasks.so(+0x2c717f) [0x7f575dbf717f]
/tools/Xilinx/Vivado/2023.2/lib/lnx64.o/librdi_common.so(+0xd7d9bf) [0x7f57768089bf]
/tools/Xilinx/Vivado/2023.2/lib/lnx64.o/libtcl8.5.so(+0x3356f) [0x7f57714c556f]
/tools/Xilinx/Vivado/2023.2/lib/lnx64.o/libtcl8.5.so(Tcl_EvalObjv+0x32) [0x7f57714c56a2]
/tools/Xilinx/Vivado/2023.2/lib/lnx64.o/libtcl8.5.so(TclEvalObjEx+0x322) [0x7f57714c74c2]
/tools/Xilinx/Vivado/2023.2/lib/lnx64.o/librdi_commonmain.so(+0xe752) [0x7f5775a7e752]
/tools/Xilinx/Vivado/2023.2/lib/lnx64.o/libtcl8.5.so(Tcl_Main+0x1d0) [0x7f57715322f0]
/tools/Xilinx/Vivado/2023.2/lib/lnx64.o/librdi_common.so(+0xda6f7b) [0x7f5776831f7b]
/lib/x86_64-linux-gnu/libpthread.so.0(+0x7fa3) [0x7f57752f5fa3]
/lib/x86_64-linux-gnu/libc.so.6(clone+0x3f) [0x7f577540d06f]
